<?xml version='1.0'?>
<ns2:test-suite xmlns:ns2='urn:model.allure.qatools.yandex.ru' start='1630956653045' stop='1630956668199'>
    <name>specs/tests.spec.js</name>
    <title>specs/tests.spec.js</title>
    <test-cases>
        <test-case start='1630956653045' status='failed' stop='1630956668168'>
            <name>Создание НП-10 значный</name>
            <title>Создание НП-10 значный</title>
            <labels/>
            <parameters/>
            <steps/>
            <attachments/>
            <failure>
                <message>TypeError: (0 , _index.app)(...).data(...).arrayInnYrLiso is not a function</message>
                <stack-trace>TypeError: (0 , _index.app)(...).data(...).arrayInnYrLiso is not a function
                    at Object.&lt;anonymous> (/Users/rufina/Desktop/sber_ui/specs/tests.spec.js:32:39)</stack-trace>
            </failure>
        </test-case>
        <test-case start='1630956668168' status='undefined' stop='1630956668168'>
            <name>Создание НП-12 значный</name>
            <title>Создание НП-12 значный</title>
            <labels/>
            <parameters/>
            <steps/>
            <attachments/>
            <failure>
                <message>This test was disabled</message>
                <stack-trace>undefined</stack-trace>
            </failure>
        </test-case>
        <test-case start='1630956668168' status='undefined' stop='1630956668169'>
            <name>Создание НП, который уже есть в системе</name>
            <title>Создание НП, который уже есть в системе</title>
            <labels/>
            <parameters/>
            <steps/>
            <attachments/>
            <failure>
                <message>This test was disabled</message>
                <stack-trace>undefined</stack-trace>
            </failure>
        </test-case>
        <test-case start='1630956668169' status='undefined' stop='1630956668169'>
            <name>Поиск по ИНН на вкладке НП</name>
            <title>Поиск по ИНН на вкладке НП</title>
            <labels/>
            <parameters/>
            <steps/>
            <attachments/>
            <failure>
                <message>This test was disabled</message>
                <stack-trace>undefined</stack-trace>
            </failure>
        </test-case>
        <test-case start='1630956668169' status='undefined' stop='1630956668169'>
            <name>Поиск по ИНН на вкладке Запросы</name>
            <title>Поиск по ИНН на вкладке Запросы</title>
            <labels/>
            <parameters/>
            <steps/>
            <attachments/>
            <failure>
                <message>This test was disabled</message>
                <stack-trace>undefined</stack-trace>
            </failure>
        </test-case>
        <test-case start='1630956668169' status='undefined' stop='1630956668169'>
            <name>Фильтр по ИНН на вкладке НП</name>
            <title>Фильтр по ИНН на вкладке НП</title>
            <labels/>
            <parameters/>
            <steps/>
            <attachments/>
            <failure>
                <message>This test was disabled</message>
                <stack-trace>undefined</stack-trace>
            </failure>
        </test-case>
        <test-case start='1630956668169' status='undefined' stop='1630956668169'>
            <name>Фильтр по ИНН на вкладке Запросы</name>
            <title>Фильтр по ИНН на вкладке Запросы</title>
            <labels/>
            <parameters/>
            <steps/>
            <attachments/>
            <failure>
                <message>This test was disabled</message>
                <stack-trace>undefined</stack-trace>
            </failure>
        </test-case>
        <test-case start='1630956668169' status='undefined' stop='1630956668169'>
            <name>Фильтр по Статусу на вкладке Запросы</name>
            <title>Фильтр по Статусу на вкладке Запросы</title>
            <labels/>
            <parameters/>
            <steps/>
            <attachments/>
            <failure>
                <message>This test was disabled</message>
                <stack-trace>undefined</stack-trace>
            </failure>
        </test-case>
    </test-cases>
</ns2:test-suite>